SF:lib/domain/helpers/domain_error.dart
DA:1,1
LF:1
LH:1
end_of_record
SF:lib/data/http/http_error.dart
DA:1,1
LF:1
LH:1
end_of_record
SF:lib/data/models/remote_account_model.dart
DA:7,0
DA:9,0
DA:10,0
DA:13,0
DA:16,0
LF:5
LH:0
end_of_record
SF:lib/data/models/remote_survey_model.dart
DA:14,1
DA:20,2
DA:21,1
DA:22,1
DA:23,2
DA:24,1
DA:27,0
DA:28,0
DA:29,0
DA:30,0
DA:31,0
DA:32,0
DA:36,1
DA:37,1
DA:38,1
DA:39,2
DA:42,1
DA:43,1
DA:44,1
DA:45,1
DA:46,1
DA:50,0
LF:22
LH:15
end_of_record
SF:lib/domain/entities/account_entity.dart
DA:6,0
DA:8,0
DA:10,0
LF:3
LH:0
end_of_record
SF:lib/domain/entities/survey_entity.dart
DA:10,1
DA:16,1
DA:18,5
LF:3
LH:3
end_of_record
