SF:lib/data/usecases/add_account/remote_add_account.dart
DA:12,0
DA:15,0
DA:16,0
DA:20,0
DA:21,0
DA:22,0
DA:24,0
DA:26,0
DA:42,0
DA:48,0
DA:50,0
DA:51,0
DA:52,0
DA:53,0
DA:54,0
DA:55,0
DA:56,0
DA:57,0
DA:58,0
DA:59,0
LF:20
LH:0
end_of_record
SF:lib/domain/usecases/add_account.dart
DA:15,0
DA:21,0
DA:23,0
LF:3
LH:0
end_of_record
SF:lib/data/usecases/authentication/remote_authentication.dart
DA:13,0
DA:14,0
DA:15,0
DA:18,0
DA:19,0
DA:20,0
DA:21,0
DA:32,0
DA:33,0
DA:35,0
DA:36,0
DA:37,0
DA:38,0
LF:13
LH:0
end_of_record
SF:lib/domain/entities/account_entity.dart
DA:6,0
DA:8,0
DA:10,0
LF:3
LH:0
end_of_record
SF:lib/domain/usecases/authentication.dart
DA:15,0
DA:17,0
DA:19,0
LF:3
LH:0
end_of_record
SF:lib/data/usecases/load_current_account/local_load_current_account.dart
DA:10,0
DA:12,0
DA:15,0
DA:16,0
LF:4
LH:0
end_of_record
SF:lib/data/usecases/load_surveys/remote_load_surveys.dart
DA:11,1
DA:12,1
DA:14,4
DA:16,4
DA:17,1
DA:18,1
DA:19,1
LF:7
LH:7
end_of_record
SF:lib/data/usecases/save_current_account/local_save_current_account.dart
DA:10,0
DA:12,0
DA:14,0
DA:15,0
LF:4
LH:0
end_of_record
SF:lib/domain/helpers/domain_error.dart
DA:1,1
LF:1
LH:1
end_of_record
SF:lib/data/http/http_error.dart
DA:1,1
LF:1
LH:1
end_of_record
SF:lib/data/models/remote_account_model.dart
DA:7,0
DA:9,0
DA:10,0
DA:13,0
DA:16,0
LF:5
LH:0
end_of_record
SF:lib/data/models/remote_survey_model.dart
DA:14,1
DA:20,2
DA:21,1
DA:22,1
DA:23,2
DA:24,1
DA:27,0
DA:28,0
DA:29,0
DA:30,0
DA:31,0
DA:32,0
DA:36,1
DA:37,1
DA:38,1
DA:39,2
DA:42,1
DA:43,1
DA:44,1
DA:45,1
DA:46,1
DA:50,0
LF:22
LH:15
end_of_record
SF:lib/domain/entities/survey_entity.dart
DA:10,1
DA:16,1
DA:18,5
LF:3
LH:3
end_of_record
